[37mlay...
Turning on display and setting brightness...
Arduino_GFX display ready[ 11659][W][HWCDC.cpp:485] write(): write failed due to waiting USB Host - timeout

DEBUG: initSD() ENTRY
DEBUG: Macro WAVESHARE_AMOLED_175 is DEFINED
DEBUG: Macro SPI_SHARED is NOT defined
Initializing SD Card (HSPI mode)...
Pins: CS=41, MOSI=1, MISO=3, SCK=2
[37m[[37m 11686][I][storage.cpp:111] initSD(): [Storage] SD Card Type: SDHC, Size: 30436MB
[37mL[37misting SD Card Root:
[37m [37m DIR : .Spotlight-V100
  DIR : .fseventsd
  DIR : MAP
[37m [37m FILE: ._MAP (4096 bytes)
[37m [37m DIR : WPT
[37m [37m FILE: ._WPT (4096 bytes)
[37m [37m DIR : VECTMAP
[37m [37m FILE: ._VECTMAP (4096 bytes)
[37m [37m DIR : TRK
[37m [37m FILE: ._TRK (4096 bytes)
[37m [37m DIR : .Trashes
[37m[[37m 11719][I][gpxFiles.cpp:33] createGpxFolders(): [GPX file struct] TRK folder exists
[37m[[37m 11727][I][gpxFiles.cpp:44] createGpxFolders(): [GPX file struct] WPT folder exists
[37mI[37mnitializing LVGL 9 with Arduino_GFX...
[37mD[37mEBUG: LV_COLOR_DEPTH=16, sizeof(lv_color_t)=3 (Using RGB565=2 bytes)
Allocating FULL SCREEN LVGL buffer: 434312 bytes (using PSRAM)
✓ LVGL buffer allocated: 434312 bytes
Display Color Format set to: 18 (RGB565=18)
✓ LVGL 9 Display registered
✓ LVGL 9 Touch driver registered
LVGL 9 initialized with Arduino_GFX
[ 12221][I][lvglSetup.cpp:327] initLVGL(): LVGL setup done via Arduino_GFX
[37m[[37m 12228][I][lvglSetup.cpp:408] initLVGL(): Creating Screens...
[37m[[37m 12233][I][waitingScr.cpp:33] createWaitingScr(): createWaitingScr() called
[37m[[37m 12243][I][waitingScr.cpp:62] createWaitingScr(): waitingScreen created at 0x0x3fca4568
[37m[[37m 12251][I][searchSatScr.cpp:61] createSearchSatScr(): createSearchSatScr() called
[37m[[37m 12259][I][searchSatScr.cpp:67] createSearchSatScr(): searchSatScreen created at 0x0x3fca4a18
[37m[[37m 12393][I][main.cpp:283] setup(): Checkpoint A: LVGL Init Done
[37m[[37m 12399][I][main.cpp:288] setup(): Checkpoint B: GPS Data Retrieved
[37m[[37m 12905][I][main.cpp:291] setup(): Checkpoint C: GPS Task Init Done
[37m[[37m 12912][I][main.cpp:319] setup(): Loading Splash Screen...
[37mB[37mLE: Initializing NimBLE server...
[37mI[37m NimBLEDevice: BLE Host Task Started
[37mI[37m NimBLEDevice: NimBle host synced.
[37m[[37m 12955][I][main.cpp:331] setup(): Default coordinates set: 49.6BLE: Server started, advertising as 'IceNav-Bike'
[37m2[37m3877, 7.550343 (waiting for app GPS)
[37m[[37m 12966][I][main.cpp:336] setup(): Loading Waiting Screen...
[37m[[37m 12972][I][main.cpp:339] setup(): Setup Complete
[37m[37m✗ TCA9554 not found - touch may not work
[37mB[37mLE Status: ADVERTISING (Waiting for connection...)
[37m[37m✓ TCA9554 found - resetting touch controller
[37m[[37m 14678][E][esp32-hal-i2c-ng.c:369] i2cWriteReadNonStop(): i2c_master_transmit_receive failed: [259] ESP_ERR_INVALID_STATE
[37m[[37m 14689][E][Wire.cpp:520] requestFrom(): i2cWriteReadNonStop returned Error 259
[37m[37m
[37mI[37m NimBLEServer: mtu update event; conn_handle=1 mtu=512
[37mI[37m NimBLEServer: subscribe event; attr_handle=8, subscribed: false
[37mI[37m NimBLEServer: subscribe event; attr_handle=12, subscribed: true
[37mI[37m NimBLECharacteristic: New subscribe value for conn: 1 val: 1
[37m[37m
[37m[[37m 16704][I][maps.cpp:1794] centerOnGps(): [Maps] centerOnGps: la[37mt[37m=50.047422, lon=8.576159 -> point.x=954693, point.y=6454492
[37m[[37m 16715][I][mainScr.cpp:60] triggerMapRedraw(): Map redraw trigg[37me[37mred by BLE update (followGps=1)
[37m[[37m 16763][I][waitingScr.cpp:24] checkPendingMapTransition(): Transitioning from waiting screen to map...
[37m[[37m 16773][I][maps.cpp:1452] createMapScrSprites(): [Maps] MapBuff: W=466 H=466 Stride=932 Size=434312
[37m[[37m 16784][I][maps.cpp:1794] centerOnGps(): [Maps] centerOnGps: la[37mt=50.047422, lon=8.576159 -> point.x=954693, point.y=6454492
[37m[[37m 16796][I][lvglSetup.cpp:452] loadMainScreen(): Generating Map: Vector=1, Zoom=2
[37m[[37m 16803][I][maps.cpp:770] getMapBlocks(): [Maps] getMapBlocks 16803
[37m[[37m 16809][I][maps.cpp:818] getMapBlocks(): [Maps] getMapBlocks loading missing: offset(950272, 6451200)
[37m[[37m 16818][I][maps.cpp:831] getMapBlocks(): Attempting to load map[37m file: /sdcard/VECTMAP/+014+098/8_7
[37m[[37m 16827][I][maps.cpp:343] readMapBlock(): [Maps] readMapBlock: /sdcard/VECTMAP/+014+098/8_7
[37m[[37m 16922][I][maps.cpp:365] readMapBlock(): [Maps] Loading /sdcard/VECTMAP/+014+098/8_7.fmb (Binary)
[37m[[37m 17179][I][maps.cpp:862] getMapBlocks(): [Maps] Block loaded: 0x3fcd4628, offset(950272, 6451200)
[37m[[37m 17188][I][maps.cpp:863] getMapBlocks(): [Maps] FreeHeap: 6782908
[37m[[37m 17194][I][maps.cpp:818] getMapBlocks(): [Maps] getMapBlocks loading missing: offset(954368, 6451200)
[37m[[37m 17203][I][maps.cpp:831] getMapBlocks(): Attempting to load map file: /sdcard/VECTMAP/+014+098/9_7
[37m[[37m 17212][I][maps.cpp:343] readMapBlock(): [Maps] readMapBlock: /sdcard/VECTMAP/+014+098/9_7
[37m[[37m 17338][I][maps.cpp:365] readMapBlock(): [Maps] Loading /sdcard/VECTMAP/+014+098/9_7.fmb (Binary)
[37m[[37m 17548][I][maps.cpp:862] getMapBlocks(): [Maps] Block loaded: 0x3fcd465c, offset(954368, 6451200)
[37m[[37m 17557][I][maps.cpp:863] getMapBlocks(): [Maps] FreeHeap: 6664660
[37m[[37m 17563][I][maps.cpp:867] getMapBlocks(): [Maps] memCache size: 2 17563
[37m[[37m 17569][I][maps.cpp:1703] generateVectorMap(): [Maps] generateV[37mectorMap: zoom=2 center(954693, 6454492) bbox[(954227, 6454026),[37m [37m(955159, 6454958)]
[37m[[37m 17595][I][maps.cpp:902] readVectorMap(): readVectorMap: Draw start. isMapFound=1, Blocks=2
[37m[[37m 17603][I][maps.cpp:924] readVectorMap(): [Maps] Block Draw: Of[37mf[37msetX=950272 OffsetY=6451200 CenterX=4421 CenterY=3292
[37m[[37mMaps] Block polygons: Total=824, Drawn=5
[ 17635][I][maps.cpp:1006] readVectorMap(): Block polygons done [37m32 ms
[37m[[37m 17660][I][maps.cpp:1041] readVectorMap(): [Maps] Block lines done 19 ms
[37m[[37m 17667][I][maps.cpp:924] readVectorMap(): [Maps] Block Draw: Of[37mf[37msetX=954368 OffsetY=6451200 CenterX=325 CenterY=3292
[37m[[37mMaps] Block polygons: Total=445, Drawn=14
[ 17695][I][maps.cpp:1006] readVectorMap(): Block polygons done 28 ms
[37m[[37m 17722][I][maps.cpp:1041] readVectorMap(): [Maps] Block lines done 21 ms
[37m[[37m 17728][I][maps.cpp:1043] readVectorMap(): [Maps] Total 133 ms
[37m[[37m 17734][I][maps.cpp:1047] readVectorMap(): [Maps] Draw done! 17734
[37m[[37m 17751][I][maps.cpp:1058] readVectorMap(): [Maps] Total Bounds: Lat Min: 50.044731, Lat Max: 50.050107, Lon Min: 8.571967, Lon [37mM[37max: 8.580339
[37m[[37m 17763][I][maps.cpp:1713] generateVectorMap(): [Maps] Checking for route overlay: hasRoute=0
[37m[[37m 17772][I][maps.cpp:1734] generateVectorMap(): [Maps] No route overlay to draw (no route data)
[37m[[37m 17781][I][maps.cpp:1650] displayMap(): [Maps] GPS indicator: followGps mode, center screen pos(209,209)
[37mB[37mLE Status: CONNECTED
[37m[[37m 21013][E][esp32-hal-i2c-ng.c:369] i2cWriteReadNonStop(): i2c_master_transmit_receive failed: [259] ESP_ERR_INVALID_STATE
[37m[[37m 21024][E][Wire.cpp:520] requestFrom(): i2cWriteReadNonStop returned Error 259
[37m[[37m 21046][E][esp32-hal-i2c-ng.c:369] i2cWriteReadNonStop(): i2c_master_transmit_receive failed: [259] ESP_ERR_INVALID_STATE
[37m[[37m 21057][E][Wire.cpp:520] requestFrom(): i2cWriteReadNonStop returned Error 259
[37m[[37m 22396][E][esp32-hal-i2c-ng.c:369] i2cWriteReadNonStop(): i2c_master_transmit_receive failed: [259] ESP_ERR_INVALID_STATE
[37m[[37m 22407][E][Wire.cpp:520] requestFrom(): i2cWriteReadNonStop returned Error 259
[37m[[37m 22675][E][esp32-hal-i2c-ng.c:369] i2cWriteReadNonStop(): i2c_master_transmit_receive failed: [259] ESP_ERR_INVALID_STATE
[37m[[37m 22686][E][Wire.cpp:520] requestFrom(): i2cWriteReadNonStop returned Error 259
[37mB[37mLE Status: CONNECTED
[37m[[37m 23904][I][maps.cpp:1794] centerOnGps(): [Maps] centerOnGps: lat=50.110538, lon=8.680036 -> point.x=966257, point.y=6465441
[37m[[37m 23915][I][mainScr.cpp:60] triggerMapRedraw(): Map redraw triggered by BLE update (followGps=1)
[37mB[37mLE Route geometry received: 124 bytes
Route data hex dump (first 32 bytes): 5A A0 FC [37m02 ED 72 84 00 D6 [37mFF A0 FE D0 FE 64 00 E9 FF F8 0198 FF 
Route start point: lat=50110554 (50.110554°), lon=8680173 (8.680173°)
Route parsed: 30 points from 124 bytes
[37mR[37mo[37mu[37mte end point: lat=50104894 (50.104894°), lon=8670988 (8.670988°)
[37m[[37m 23926][I][maps.cpp:1794] centerOnGps(): [Maps] centerOnGps: la[37mt[37m=50.110538, lon=8.680036 -> point.x=966257, point.y=6465441
[37m[[37m 23937][I][mainScr.cpp:60] triggerMapRedraw(): Map redraw triggered by BLE update (followGps=1)
[37mB[37mLE Nav received: 4|37|Turn right onto Kornmarkt
BLE Nav: Icon=4, Dist=37m, Instr=Turn right onto Kornmarkt
[37m[[37m 24894][I][maps.cpp:1794] centerOnGps(): [Maps] centerOnGps: lat=50.110521, lon=8.679898 -> point.x=966241, point.y=6465438
[37m[[37m 24906][I][mainScr.cpp:60] triggerMapRedraw(): Map redraw triggered by BLE update (followGps=1)
[37mB[37mLE Nav received: 4|27|Turn right onto Kornmarkt
BLE Nav: Icon=4, Dist=27m, Instr=Turn right onto Kornmarkt
[37m[[37m 25473][E][esp32-hal-i2c-ng.c:369] i2cWriteReadNonStop(): i2c_master_transmit_receive failed: [259] ESP_ERR_INVALID_STATE
[37m[[37m 25484][E][Wire.cpp:520] requestFrom(): i2cWriteReadNonStop returned Error 259
[37m[[37m 25915][I][maps.cpp:1794] centerOnGps(): [Maps] centerOnGps: lat=50.110512, lon=8.679760 -> point.x=966226, point.y=6465436
[37m[[37m 25926][I][mainScr.cpp:60] triggerMapRedraw(): Map redraw triggered by BLE update (followGps=1)
[37mB[37mLE Nav received: 5|76|Dismount, use the crosswalk an...
BLE Nav: Icon=5, Dist=76m, Instr=Dismount, use the crosswalk an...
[37mB[37mLE Route geometry received: 124 bytes
[37mRoute data hex dump (first 32 bytes): 30 A0 FC 71 84 00 00 D0 00 E9 FF F8 01 DE FF FFF EA FF 98 FF 62 00 CC FF 
[37mR[37moute start point: lat=50110512 (50.110512°), lon=8679821 (8.67[37m9821°)
Route parsed: 30 points from 124 bytes
[37mR[37moute end point: lat=50104852 (50.104852°), lon=8670922 (8.670922°)
[37m[[37m 25945][I][maps.cpp:1794] centerOnGps(): [Maps] centerOnGps: la[37mt[37m=50.110512, lon=8.679760 -> point.x=966226, point.y=6465436
[37m[[37m 25956][I][mainScr.cpp:60] triggerMapRedraw(): Map redraw triggered by BLE update (followGps=1)
[37m[[37m 26159][I][mainScr.cpp:361] scrollMapEvent(): PRESSED: x=317 y=157
[37m[[37m 26300][I][mainScr.cpp:409] scrollMapEvent(): PRESSING: p(303,180) last(317,157) -> dx=-14 dy=23
[37m[[37m 26308][I][maps.cpp:1818] scrollMap(): [Maps] scrollMap (Vector[37m)[37m: dx=14 dy=-23 zoom=2 -> point(966254, 6465482)
[37m[[37m 26335][I][mainScr.cpp:409] scrollMapEvent(): PRESSING: p(287,204) last(303,180) -> dx=-16 dy=24
[37m[[37m 26344][I][maps.cpp:1818] scrollMap(): [Maps] scrollMap (Vector): dx=16 dy=-24 zoom=2 -> point(966286, 6465530)
[37m[[37m 26370][I][mainScr.cpp:409] scrollMapEvent(): PRESSING: p(274,222) last(287,204) -> dx=-13 dy=18
[37m[[37m 26379][I][maps.cpp:1818] scrollMap(): [Maps] scrollMap (Vector): dx=13 dy=-18 zoom=2 -> point(966312, 6465566)
[37m[[37m 26405][I][mainScr.cpp:409] scrollMapEvent(): PRESSING: p(265,238) last(274,222) -> dx=-9 dy=16
[37m[[37m 26413][I][maps.cpp:1818] scrollMap(): [Maps] scrollMap (Vector): dx=9 dy=-16 zoom=2 -> point(966330, 6465598)
[37m[[37m 26440][I][mainScr.cpp:409] scrollMapEvent(): PRESSING: p(257,254) last(265,238) -> dx=-8 dy=16
[37m[[37m 26448][I][maps.cpp:1818] scrollMap(): [Maps] scrollMap (Vector): dx=8 dy=-16 zoom=2 -> point(966346, 6465630)
[37m[[37m 26475][I][mainScr.cpp:409] scrollMapEvent(): PRESSING: p(244,280) last(257,254) -> dx=-13 dy=26
[37m[[37m 26484][I][maps.cpp:1818] scrollMap(): [Maps] scrollMap (Vector[37m): dx=13 dy=-26 zoom=2 -> point(966372, 6465682)
[37m[[37m 26510][I][mainScr.cpp:409] scrollMapEvent(): PRESSING: p(236,293) last(244,280) -> dx=-8 dy=13
[37m[[37m 26518][I][maps.cpp:1818] scrollMap(): [Maps] scrollMap (Vector): dx=8 dy=-13 zoom=2 -> point(966388, 6465708)
[37m[[37m 26545][I][mainScr.cpp:409] scrollMapEvent(): PRESSING: p(227,309) last(236,293) -> dx=-9 dy=16
[37m[[37m 26553][I][maps.cpp:1818] scrollMap(): [Maps] scrollMap (Vector): dx=9 dy=-16 zoom=2 -> point(966406, 6465740)
[37m[[37m 26580][I][mainScr.cpp:409] scrollMapEvent(): PRESSING: p(219,324) last(227,309) -> dx=-8 dy=15
[37m[[37m 26588][I][maps.cpp:1818] scrollMap(): [Maps] scrollMap (Vector): dx=8 dy=-15 zoom=2 -> point(966422, 6465770)
[37m[[37m 26615][I][mainScr.cpp:409] scrollMapEvent(): PRESSING: p(213,335) last(219,324) -> dx=-6 dy=11
[37m[[37m 26623][I][maps.cpp:1818] scrollMap(): [Maps] scrollMap (Vector[37m): dx=6 dy=-11 zoom=2 -> point(966434, 6465792)
[37m[[37m 26650][I][mainScr.cpp:409] scrollMapEvent(): PRESSING: p(207,344) last(213,335) -> dx=-6 dy=9
[37m[[37m 26658][I][maps.cpp:1818] scrollMap(): [Maps] scrollMap (Vector): dx=6 dy=-9 zoom=2 -> point(966446, 6465810)
[37m[[37m 26685][I][mainScr.cpp:409] scrollMapEvent(): PRESSING: p(203,359) last(207,344) -> dx=-4 dy=15
[37m[[37m 26693][I][maps.cpp:1818] scrollMap(): [Maps] scrollMap (Vector): dx=4 dy=-15 zoom=2 -> point(966454, 6465840)
[37m[[37m 26720][I][mainScr.cpp:409] scrollMapEvent(): PRESSING: p(211,395) last(203,359) -> dx=8 dy=36
[37m[[37m 26728][I][maps.cpp:1818] scrollMap(): [Maps] scrollMap (Vector[37m)[37m: dx=-8 dy=-36 zoom=2 -> point(966438, 6465912)
[37m[[37m 26755][I][mainScr.cpp:423] scrollMapEvent(): RELEASED/LOST: drag ended
[37m[[37m 26844][I][mainScr.cpp:60] triggerMapRedraw(): Map redraw triggered by BLE update (followGps=0)
[37m[[37m 26904][I][mainScr.cpp:60] triggerMapRedraw(): Map redraw triggered by BLE update (followGps=0)
[37m[[37m 26952][E][esp32-hal-i2c-ng.c:369] i2cWriteReadNonStop(): i2c_master_transmit_receive failed: [259] ESP_ERR_INVALID_STATE
[37m[[37m 26963][E][Wire.cpp:520] requestFrom(): i2cWriteReadNonStop returned Error 259
[37m[[37m 27409][I][mainScr.cpp:361] scrollMapEvent(): PRESSED: x=97 y=194
[37m[[37m 27549][I][mainScr.cpp:409] scrollMapEvent(): PRESSING: p(120,201) last(97,194) -> dx=23 dy=7
[37m[[37m 27557][I][maps.cpp:1818] scrollMap(): [Maps] scrollMap (Vector): dx=-23 dy=-7 zoom=2 -> point(966392, 6465926)
[37m[[37m 27584][I][mainScr.cpp:409] scrollMapEvent(): PRESSING: p(172,221) last(120,201) -> dx=52 dy=20
[37m[[37m 27592][I][maps.cpp:1818] scrollMap(): [Maps] scrollMap (Vector[37m): dx=-52 dy=-20 zoom=2 -> point(966288, 6465966)
[37m[[37m 27619][I][mainScr.cpp:409] scrollMapEvent(): PRESSING: p(191,229) last(172,221) -> dx=19 dy=8
[37m[[37m 27627][I][maps.cpp:1818] scrollMap(): [Maps] scrollMap (Vector): dx=-19 dy=-8 zoom=2 -> point(966250, 6465982)
[37m[[37m 27654][I][mainScr.cpp:409] scrollMapEvent(): PRESSING: p(207,236) last(191,229) -> dx=16 dy=7
[37m[[37m 27662][I][maps.cpp:1818] scrollMap(): [Maps] scrollMap (Vector[37m): dx=-16 dy=-7 zoom=2 -> point(966218, 6465996)
[37m[[37m 27689][I][mainScr.cpp:409] scrollMapEvent(): PRESSING: p(223,244) last(207,236) -> dx=16 dy=8
[37m[[37m 27697][I][maps.cpp:1818] scrollMap(): [Maps] scrollMap (Vector[37m): dx=-16 dy=-8 zoom=2 -> point(966186, 6466012)
[37m[[37m 27724][I][mainScr.cpp:409] scrollMapEvent(): PRESSING: p(237,251) last(223,244) -> dx=14 dy=7
[37m[[37m 27732][I][maps.cpp:1818] scrollMap(): [Maps] scrollMap (Vector[37m): dx=-14 dy=-7 zoom=2 -> point(966158, 6466026)
[37m[[37m 27759][I][mainScr.cpp:409] scrollMapEvent(): PRESSING: p(248,256) last(237,251) -> dx=11 dy=5
[37m[[37m 27767][I][maps.cpp:1818] scrollMap(): [Maps] scrollMap (Vector): dx=-11 dy=-5 zoom=2 -> point(966136, 6466036)
[37m[[37m 27794][I][mainScr.cpp:409] scrollMapEvent(): PRESSING: p(258,263) last(248,256) -> dx=10 dy=7
[37m[[37m 27802][I][maps.cpp:1818] scrollMap(): [Maps] scrollMap (Vector): dx=-10 dy=-7 zoom=2 -> point(966116, 6466050)
[37m[[37m 27835][I][mainScr.cpp:409] scrollMapEvent(): PRESSING: p(268,273) last(258,263) -> dx=10 dy=10
[37m[[37m 27843][I][maps.cpp:1818] scrollMap(): [Maps] scrollMap (Vector[37m): dx=-10 dy=-10 zoom=2 -> point(966096, 6466070)
[37m[[37m 27894][I][mainScr.cpp:60] triggerMapRedraw(): Map redraw triggered by BLE update (followGps=0)
[37m[[37m 27994][I][mainScr.cpp:423] scrollMapEvent(): RELEASED/LOST: drag ended
[37mB[37mLE Status: CONNECTED
[37m[[37m 28914][I][mainScr.cpp:60] triggerMapRedraw(): Map redraw triggered by BLE update (followGps=0)
[37mB[37mLE Route geometry received: 124 bytes
Route data hex dump (first 32 bytes): 94 A0 FC 02 46 70 84 [37m00 F8 01 DE FF F6 FF [37mD1 FF EA FF 98 FF 62 00 CC FF00 5D 00 [37m5D 00 
[37mR[37moute start point: lat=50110612 (50.110612°), lon=8679494 (8.[37m6[37m79494°)
Route parsed: 30 points from 124 bytes
[37mRoute end point: lat=50104801 (50.104801°), lon=8670867 (8.670867°)
[37m[[37m 28924][I][mainScr.cpp:60] triggerMapRedraw(): Map redraw trigg[37me[37mred by BLE update (followGps=0)
[37mB[37mLE Nav received: 5|60|Dismount, use the crosswalk an...
BLE Nav: Icon=5, Dist=60m, Instr=Dismount, use the crosswalk an...
[37m[[37m 29006][E][esp32-hal-i2c-ng.c:369] i2cWriteReadNonStop(): i2c_master_transmit_receive failed: [259] ESP_ERR_INVALID_STATE
[37m[[37m 29017][E][Wire.cpp:520] requestFrom(): i2cWriteReadNonStop returned Error 259
[37m[[37m 29076][I][mainScr.cpp:361] scrollMapEvent(): PRESSED: x=91 y=265
[37m[[37m 29216][I][mainScr.cpp:409] scrollMapEvent(): PRESSING: p(108,263) last(91,265) -> dx=17 dy=-2
[37m[[37m 29224][I][maps.cpp:1818] scrollMap(): [Maps] scrollMap (Vector[37m): dx=-17 dy=2 zoom=2 -> point(966062, 6466066)
[37m[[37m 29251][I][mainScr.cpp:409] scrollMapEvent(): PRESSING: p(133,258) last(108,263) -> dx=25 dy=-5
[37m[[37m 29259][I][maps.cpp:1818] scrollMap(): [Maps] scrollMap (Vector): dx=-25 dy=5 zoom=2 -> point(966012, 6466056)
[37m[[37m 29286][I][mainScr.cpp:409] scrollMapEvent(): PRESSING: p(166,253) last(133,258) -> dx=33 dy=-5
[37m[[37m 29294][I][maps.cpp:1818] scrollMap(): [Maps] scrollMap (Vector): dx=-33 dy=5 zoom=2 -> point(965946, 6466046)
[37m[[37m 29321][I][mainScr.cpp:409] scrollMapEvent(): PRESSING: p(239,239) last(166,253) -> dx=73 dy=-14
[37m[[37m 29330][I][maps.cpp:1818] scrollMap(): [Maps] scrollMap (Vector[37m)[37m: dx=-73 dy=14 zoom=2 -> point(965800, 6466018)
[37m[[37m 29356][I][mainScr.cpp:409] scrollMapEvent(): PRESSING: p(270,232) last(239,239) -> dx=31 dy=-7
[37m[[37m 29364][I][maps.cpp:1818] scrollMap(): [Maps] scrollMap (Vector[37m)[37m: dx=-31 dy=7 zoom=2 -> point(965738, 6466004)
[37m[[37m 29391][I][mainScr.cpp:409] scrollMapEvent(): PRESSING: p(298,225) last(270,232) -> dx=28 dy=-7
[37m[[37m 29399][I][maps.cpp:1818] scrollMap(): [Maps] scrollMap (Vector[37m): dx=-28 dy=7 zoom=2 -> point(965682, 6465990)
[37m[[37m 29426][I][mainScr.cpp:409] scrollMapEvent(): PRESSING: p(321,220) last(298,225) -> dx=23 dy=-5
[37m[[37m 29434][I][maps.cpp:1818] scrollMap(): [Maps] scrollMap (Vector): dx=-23 dy=5 zoom=2 -> point(965636, 6465980)
[37m[[37m 29461][I][mainScr.cpp:409] scrollMapEvent(): PRESSING: p(337,217) last(321,220) -> dx=16 dy=-3
[37m[[37m 29469][I][maps.cpp:1818] scrollMap(): [Maps] scrollMap (Vector[37m): dx=-16 dy=3 zoom=2 -> point(965604, 6465974)
[37m[[37m 29496][I][mainScr.cpp:409] scrollMapEvent(): PRESSING: p(349,214) last(337,217) -> dx=12 dy=-3
[37m[[37m 29504][I][maps.cpp:1818] scrollMap(): [Maps] scrollMap (Vector): dx=-12 dy=3 zoom=2 -> point(965580, 6465968)
[37m[[37m 29531][I][mainScr.cpp:409] scrollMapEvent(): PRESSING: p(356,212) last(349,214) -> dx=7 dy=-2
[37m[[37m 29539][I][maps.cpp:1818] scrollMap(): [Maps] scrollMap (Vector): dx=-7 dy=2 zoom=2 -> point(965566, 6465964)
[37m[[37m 29602][I][mainScr.cpp:423] scrollMapEvent(): RELEASED/LOST: drag ended
[37m[[37m 29904][I][mainScr.cpp:60] triggerMapRedraw(): Map redraw triggered by BLE update (followGps=0)
[37mB[37mLE Nav received: 5|50|Dismount, use the crosswalk an...
BLE Nav: Icon=5, Dist=50m, Instr=Dismount, use the crosswalk an...
[37m[[37m 30289][I][mainScr.cpp:361] scrollMapEvent(): PRESSED: x=232 y=239
[37m[[37m 30465][I][mainScr.cpp:423] scrollMapEvent(): RELEASED/LOST: drag ended
[37m[[37m 30894][I][mainScr.cpp:60] triggerMapRedraw(): Map redraw triggered by BLE update (followGps=0)
[37mB[37mLE Nav received: 5|40|Dismount, use the crosswalk an...
BLE Nav: Icon=5, Dist=40m, Instr=Dismount, use the crosswalk an...
[37m[[37m 30940][I][mainScr.cpp:361] scrollMapEvent(): PRESSED: x=438 y=245
[37m[[37m 31076][I][mainScr.cpp:409] scrollMapEvent(): PRESSING: p(411,249) last(438,245) -> dx=-27 dy=4
[37m[[37m 31084][I][maps.cpp:1818] scrollMap(): [Maps] scrollMap (Vector): dx=27 dy=-4 zoom=2 -> point(965620, 6465972)
[37m[[37m 31111][I][mainScr.cpp:409] scrollMapEvent(): PRESSING: p(385,254) last(411,249) -> dx=-26 dy=5
[37m[[37m 31119][I][maps.cpp:1818] scrollMap(): [Maps] scrollMap (Vector): dx=26 dy=-5 zoom=2 -> point(965672, 6465982)
[37m[[37m 31146][I][mainScr.cpp:409] scrollMapEvent(): PRESSING: p(355,263) last(385,254) -> dx=-30 dy=9
[37m[[37m 31154][I][maps.cpp:1818] scrollMap(): [Maps] scrollMap (Vector): dx=30 dy=-9 zoom=2 -> point(965732, 6466000)
[37m[[37m 31181][I][mainScr.cpp:409] scrollMapEvent(): PRESSING: p(324,273) last(355,263) -> dx=-31 dy=10
[37m[[37m 31190][I][maps.cpp:1818] scrollMap(): [Maps] scrollMap (Vector): dx=31 dy=-10 zoom=2 -> point(965794, 6466020)
[37m[[37m 31216][I][mainScr.cpp:409] scrollMapEvent(): PRESSING: p(282,286) last(324,273) -> dx=-42 dy=13
[37m[[37m 31225][I][maps.cpp:1818] scrollMap(): [Maps] scrollMap (Vector[37m): dx=42 dy=-13 zoom=2 -> point(965878, 6466046)
[37m[[37m 31251][I][mainScr.cpp:409] scrollMapEvent(): PRESSING: p(229,302) last(282,286) -> dx=-53 dy=16
[37m[[37m 31260][I][maps.cpp:1818] scrollMap(): [Maps] scrollMap (Vector): dx=53 dy=-16 zoom=2 -> point(965984, 6466078)
[37m[[37m 31286][I][mainScr.cpp:409] scrollMapEvent(): PRESSING: p(211,308) last(229,302) -> dx=-18 dy=6
[37m[[37m 31294][I][maps.cpp:1818] scrollMap(): [Maps] scrollMap (Vector): dx=18 dy=-6 zoom=2 -> point(966020, 6466090)
[37m[[37m 31321][I][mainScr.cpp:409] scrollMapEvent(): PRESSING: p(198,313) last(211,308) -> dx=-13 dy=5
[37m[[37m 31329][I][maps.cpp:1818] scrollMap(): [Maps] scrollMap (Vector): dx=13 dy=-5 zoom=2 -> point(966046, 6466100)
[37m[[37m 31356][I][mainScr.cpp:409] scrollMapEvent(): PRESSING: p(192,315) last(198,313) -> dx=-6 dy=2
[37m[[37m 31364][I][maps.cpp:1818] scrollMap(): [Maps] scrollMap (Vector): dx=6 dy=-2 zoom=2 -> point(966058, 6466104)
[37m[[37m 31391][I][mainScr.cpp:409] scrollMapEvent(): PRESSING: p(181,319) last(192,315) -> dx=-11 dy=4
[37m[[37m 31399][I][maps.cpp:1818] scrollMap(): [Maps] scrollMap (Vector): dx=11 dy=-4 zoom=2 -> point(966080, 6466112)
[37m[[37m 31426][I][mainScr.cpp:423] scrollMapEvent(): RELEASED/LOST: drag ended
[37m[[37m 31566][E][esp32-hal-i2c-ng.c:369] i2cWriteReadNonStop(): i2c_master_transmit_receive failed: [259] ESP_ERR_INVALID_STATE
[37m[[37m 31577][E][Wire.cpp:520] requestFrom(): i2cWriteReadNonStop returned Error 259
[37m[[37m 31776][I][mainScr.cpp:361] scrollMapEvent(): PRESSED: x=158 y=71
[37m[[37m 31914][I][mainScr.cpp:60] triggerMapRedraw(): Map redraw triggered by BLE update (followGps=0)
[37mB[37mLE Route geometry re[37mceived: 124 bytes
Route data hex dump (first 32 bytes): F5 6F 84 00 EA FF 98 FF 62 [37m00 CC [37mFF 13 00 5D 00 12 00 5D 00 CD FF 09 [37m0[37m0 D4 FD 2A 00 
[37mR[37moute start point: lat=50111106 (50.111106°), lon=8679413 (8.679413°)
Route parsed: 30 points from 124 bytes
[37mRoute end point: lat=50103392 (50.103392°), lon=8672922 (8.672922°)
[37m[[37m 31924][I][mainScr.cpp:60] triggerMapRedraw(): Map redraw trigg[37me[37mred by BLE update (followGps=0)
[37mB[37mLE Nav received: 5|30|Dismount, use the crosswalk an...
[37mBLE Nav: Icon=5, Dist=30m, Instr=Dismount, use the crosswalk an...
[37m[[37m 31943][I][mainScr.cpp:409] scrollMapEvent(): PRESSING: p(167,107) last(158,71) -> dx=9 dy=36
[37m[[37m 31951][I][maps.cpp:1818] scrollMap(): [Maps] scrollMap (Vector): dx=-9 dy=-36 zoom=2 -> point(966062, 6466184)
[37m[[37m 31978][I][mainScr.cpp:409] scrollMapEvent(): PRESSING: p(173,133) last(167,107) -> dx=6 dy=26
[37m[[37m 31986][I][maps.cpp:1818] scrollMap(): [Maps] scrollMap (Vector): dx=-6 dy=-26 zoom=2 -> point(966050, 6466236)
[37m[[37m 32013][I][mainScr.cpp:409] scrollMapEvent(): PRESSING: p(178,158) last(173,133) -> dx=5 dy=25
[37m[[37m 32021][I][maps.cpp:1818] scrollMap(): [Maps] scrollMap (Vector[37m)[37m: dx=-5 dy=-25 zoom=2 -> point(966040, 6466286)
[37m[[37m 32048][I][mainScr.cpp:409] scrollMapEvent(): PRESSING: p(181,188) last(178,158) -> dx=3 dy=30
[37m[[37m 32056][I][maps.cpp:1818] scrollMap(): [Maps] scrollMap (Vector): dx=-3 dy=-30 zoom=2 -> point(966034, 6466346)
[37m[[37m 32083][I][mainScr.cpp:409] scrollMapEvent(): PRESSING: p(183,212) last(181,188) -> dx=2 dy=24
[37m[[37m 32091][I][maps.cpp:1818] scrollMap(): [Maps] scrollMap (Vector[37m): dx=-2 dy=-24 zoom=2 -> point(966030, 6466394)
[37m[[37m 32118][I][mainScr.cpp:409] scrollMapEvent(): PRESSING: p(183,232) last(183,212) -> dx=0 dy=20
[37m[[37m 32126][I][maps.cpp:1818] scrollMap(): [Maps] scrollMap (Vector): dx=0 dy=-20 zoom=2 -> point(966030, 6466434)
[37m[[37m 32153][I][mainScr.cpp:409] scrollMapEvent(): PRESSING: p(183,266) last(183,232) -> dx=0 dy=34
[37m[[37m 32161][I][maps.cpp:1818] scrollMap(): [Maps] scrollMap (Vector[37m): dx=0 dy=-34 zoom=2 -> point(966030, 6466502)
[37m[[37m 32188][I][mainScr.cpp:409] scrollMapEvent(): PRESSING: p(183,273) last(183,266) -> dx=0 dy=7
[37m[[37m 32196][I][maps.cpp:1818] scrollMap(): [Maps] scrollMap (Vector): dx=0 dy=-7 zoom=2 -> point(966030, 6466516)
[37m[[37m 32259][I][mainScr.cpp:409] scrollMapEvent(): PRESSING: p(183,283) last(183,273) -> dx=0 dy=10
[37m[[37m 32267][I][maps.cpp:1818] scrollMap(): [Maps] scrollMap (Vector): dx=0 dy=-10 zoom=2 -> point(966030, 6466536)
[37m[[37m 32294][I][mainScr.cpp:423] scrollMapEvent(): RELEASED/LOST: drag ended
[37m[[37m 32399][I][mainScr.cpp:361] scrollMapEvent(): PRESSED: x=260 y=383
[37m[[37m 32575][I][mainScr.cpp:409] scrollMapEvent(): PRESSING: p(255,368) last(260,383) -> dx=-5 dy=-15
[37m[[37m 32583][I][maps.cpp:1818] scrollMap(): [Maps] scrollMap (Vector): dx=5 dy=15 zoom=2 -> point(966040, 6466506)
[37m[[37m 32610][I][mainScr.cpp:409] scrollMapEvent(): PRESSING: p(251,346) last(255,368) -> dx=-4 dy=-22
[37m[[37m 32619][I][maps.cpp:1818] scrollMap(): [Maps] scrollMap (Vector): dx=4 dy=22 zoom=2 -> point(966048, 6466462)
[37m[[37m 32645][I][mainScr.cpp:409] scrollMapEvent(): PRESSING: p(245,302) last(251,346) -> dx=-6 dy=-44
[37m[[37m 32654][I][maps.cpp:1818] scrollMap(): [Maps] scrollMap (Vector): dx=6 dy=44 zoom=2 -> point(966060, 6466374)
[37m[[37m 32680][I][mainScr.cpp:409] scrollMapEvent(): PRESSING: p(243,284) last(245,302) -> dx=-2 dy=-18
[37m[[37m 32689][I][maps.cpp:1818] scrollMap(): [Maps] scrollMap (Vector): dx=2 dy=18 zoom=2 -> point(966064, 6466338)
[37m[[37m 32715][I][mainScr.cpp:409] scrollMapEvent(): PRESSING: p(242,269) last(243,284) -> dx=-1 dy=-15
[37m[[37m 32724][I][maps.cpp:1818] scrollMap(): [Maps] scrollMap (Vector): dx=1 dy=15 zoom=2 -> point(966066, 6466308)
[37m[[37m 32750][I][mainScr.cpp:409] scrollMapEvent(): PRESSING: p(240,258) last(242,269) -> dx=-2 dy=-11
[37m[[37m 32759][I][maps.cpp:1818] scrollMap(): [Maps] scrollMap (Vector): dx=2 dy=11 zoom=2 -> point(966070, 6466286)
[37m[[37m 32816][I][mainScr.cpp:409] scrollMapEvent(): PRESSING: p(242,244) last(240,258) -> dx=2 dy=-14
[37m[[37m 32824][I][maps.cpp:1818] scrollMap(): [Maps] scrollMap (Vector): dx=-2 dy=14 zoom=2 -> point(966066, 6466258)
[37m[[37m 32857][I][mainScr.cpp:423] scrollMapEvent(): RELEASED/LOST: drag ended
[37m[[37m 32904][I][mainScr.cpp:60] triggerMapRedraw(): Map redraw triggered by BLE update (followGps=0)
[37mB[37mLE Nav received: 5|20|Dismount, use the crosswalk an...
[37mBLE Nav: Icon=5, Dist=20m, Instr=Dismount, use the crosswalk an...
[37mB[37mLE Status: CONNECTED
[37m[[37m 33250][I][mainScr.cpp:361] scrollMapEvent(): PRESSED: x=247 y=242
[37m[[37m 33458][I][mainScr.cpp:423] scrollMapEvent(): RELEASED/LOST: drag ended
[37m[[37m 33773][E][esp32-hal-i2c-ng.c:369] i2cWriteReadNonStop(): i2c_master_transmit_receive failed: [259] ESP_ERR_INVALID_STATE
[37m[[37m 33784][E][Wire.cpp:520] requestFrom(): i2cWriteReadNonStop returned Error 259
[37m[[37m 33894][I][mainScr.cpp:60] triggerMapRedraw(): Map redraw triggered by BLE update (followGps=0)
[37mB[37mLE Nav received: 4|207|Turn right onto Alte Mainzer G...
BLE Nav: Icon=4, Dist=207m, Instr=Turn right onto Alte Mainzer G...
[37mB[37mLE Route geometry received: 124 bytes
RoutFC 02 24 70 84 [37m00 F6 FF D1 [37m98 FF [37m62 00 CC [37mFF 13 [37m00 5D 00 12 00 5D 00 [37mCD FF 09 [37m00 
[37mR[37moute start point: lat=50111116 (50.111116°), lon=8679460 (8.679460°)
Route parsed: 30 points from 124 bytes
[37mR[37moute [37mend point: lat=50103297 (50.103297°), lon=8672766 (8.672766°)
[37m[[37m 33926][I][mainScr.cpp:60] triggerMapRedraw(): Map redraw trigg[37me[37mred by BLE update (followGps=0)
[37m[[37m 34210][I][mainScr.cpp:361] scrollMapEvent(): PRESSED: x=216 y=239
[37m[[37m 34382][I][mainScr.cpp:423] scrollMapEvent(): RELEASED/LOST: drag ended
[37m[[37m 34770][I][mainScr.cpp:361] scrollMapEvent(): PRESSED: x=224 y=230
[37m[[37m 34914][I][mainScr.cpp:60] triggerMapRedraw(): Map redraw triggered by BLE update (followGps=0)
[37m[[37m 34961][I][mainScr.cpp:423] scrollMapEvent(): RELEASED/LOST: drag ended
[37m[[37m 35066][I][mainScr.cpp:361] scrollMapEvent(): PRESSED: x=227 y=234
[37m[[37m 35278][I][mainScr.cpp:423] scrollMapEvent(): RELEASED/LOST: drag ended
[37m[[37m 35661][I][mainScr.cpp:361] scrollMapEvent(): PRESSED: x=398 y=188
[37m[[37m 35801][I][mainScr.cpp:409] scrollMapEvent(): PRESSING: p(379,217) last(398,188) -> dx=-19 dy=29
[37m[[37m 35809][I][maps.cpp:1818] scrollMap(): [Maps] scrollMap (Vector): dx=19 dy=-29 zoom=2 -> point(966104, 6466316)
[37m[[37m 35836][I][mainScr.cpp:409] scrollMapEvent(): PRESSING: p(359,245) last(379,217) -> dx=-20 dy=28
[37m[[37m 35845][I][maps.cpp:1818] scrollMap(): [Maps] scrollMap (Vector[37m): dx=20 dy=-28 zoom=2 -> point(966144, 6466372)
[37m[[37m 35877][I][mainScr.cpp:409] scrollMapEvent(): PRESSING: p(341,271) last(359,245) -> dx=-18 dy=26
[37m[[37m 35885][I][maps.cpp:1818] scrollMap(): [Maps] scrollMap (Vector[37m): dx=18 dy=-26 zoom=2 -> point(966180, 6466424)
[37m[[37m 35904][I][mainScr.cpp:60] triggerMapRedraw(): Map redraw triggered by BLE update (followGps=0)
[37m[[37m 35999][I][mainScr.cpp:409] scrollMapEvent(): PRESSING: p(287,374) last(341,271) -> dx=-54 dy=103
[37m[[37m 36008][I][maps.cpp:1818] scrollMap(): [Maps] scrollMap (Vector[37m): dx=54 dy=-103 zoom=2 -> point(966288, 6466630)
[37m[[37m 36035][I][mainScr.cpp:409] scrollMapEvent(): PRESSING: p(284,385) last(287,374) -> dx=-3 dy=11
[37m[[37m 36043][I][maps.cpp:1818] scrollMap(): [Maps] scrollMap (Vector): dx=3 dy=-11 zoom=2 -> point(966294, 6466652)
[37m[[37m 36070][I][mainScr.cpp:409] scrollMapEvent(): PRESSING: p(278,405) last(284,385) -> dx=-6 dy=20
[37m[[37m 36078][I][maps.cpp:1818] scrollMap(): [Maps] scrollMap (Vector[37m): dx=6 dy=-20 zoom=2 -> point(966306, 6466692)
[37m[[37m 36105][I][mainScr.cpp:423] scrollMapEvent(): RELEASED/LOST: drag ended
[37m[[37m 36277][I][mainScr.cpp:361] scrollMapEvent(): PRESSED: x=133 y=162
[37m[[37m 36350][I][mainScr.cpp:409] scrollMapEvent(): PRESSING: p(135,176) last(133,162) -> dx=2 dy=14
[37m[[37m 36358][I][maps.cpp:1818] scrollMap(): [Maps] scrollMap (Vector): dx=-2 dy=-14 zoom=2 -> point(966302, 6466720)
[37m[[37m 36385][I][mainScr.cpp:409] scrollMapEvent(): PRESSING: p(139,199) last(135,176) -> dx=4 dy=23
[37m[[37m 36393][I][maps.cpp:1818] scrollMap(): [Maps] scrollMap (Vector): dx=-4 dy=-23 zoom=2 -> point(966294, 6466766)
[37m[[37m 36420][I][mainScr.cpp:409] scrollMapEvent(): PRESSING: p(144,224) last(139,199) -> dx=5 dy=25
[37m[[37m 36428][I][maps.cpp:1818] scrollMap(): [Maps] scrollMap (Vector[37m): dx=-5 dy=-25 zoom=2 -> point(966284, 6466816)
[37m[[37m 36455][I][mainScr.cpp:409] scrollMapEvent(): PRESSING: p(150,253) last(144,224) -> dx=6 dy=29
[37m[[37m 36463][I][maps.cpp:1818] scrollMap(): [Maps] scrollMap (Vector[37m)[37m: dx=-6 dy=-29 zoom=2 -> point(966272, 6466874)
[37m[[37m 36490][I][mainScr.cpp:409] scrollMapEvent(): PRESSING: p(154,274) last(150,253) -> dx=4 dy=21
[37m[[37m 36498][I][maps.cpp:1818] scrollMap(): [Maps] scrollMap (Vector): dx=-4 dy=-21 zoom=2 -> point(966264, 6466916)
[37m[[37m 36525][I][mainScr.cpp:409] scrollMapEvent(): PRESSING: p(157,293) last(154,274) -> dx=3 dy=19
[37m[[37m 36533][I][maps.cpp:1818] scrollMap(): [Maps] scrollMap (Vector): dx=-3 dy=-19 zoom=2 -> point(966258, 6466954)
[37m[[37m 36560][I][mainScr.cpp:409] scrollMapEvent(): PRESSING: p(162,315) last(157,293) -> dx=5 dy=22
[37m[[37m 36568][I][maps.cpp:1818] scrollMap(): [Maps] scrollMap (Vector[37m): dx=-5 dy=-22 zoom=2 -> point(966248, 6466998)
[37m[[37m 36595][I][mainScr.cpp:409] scrollMapEvent(): PRESSING: p(171,328) last(162,315) -> dx=9 dy=13
[37m[[37m 36603][I][maps.cpp:1818] scrollMap(): [Maps] scrollMap (Vector): dx=-9 dy=-13 zoom=2 -> point(966230, 6467024)
[37m[[37m 36630][I][mainScr.cpp:409] scrollMapEvent(): PRESSING: p(181,327) last(171,328) -> dx=10 dy=-1
[37m[[37m 36638][I][maps.cpp:1818] scrollMap(): [Maps] scrollMap (Vector): dx=-10 dy=1 zoom=2 -> point(966210, 6467022)
[37m[[37m 36665][I][mainScr.cpp:423] scrollMapEvent(): RELEASED/LOST: drag ended
[37m[[37m 36894][I][mainScr.cpp:60] triggerMapRedraw(): Map redraw triggered by BLE update (followGps=0)
[37mB[37mLE Route geometry received: 124 bytes
Route data hex dump (first 32 bytes): CE A2 FC 02 59 6F 84 00 13 00 5D 00 12 00 5D 00 CD FF 0
[37mR[37moute start point: lat=50111182 (50.111182°Route parsed: 30 points from 124 bytes
Route end point: lat=50103407 (50.103407°), lon=8673236 (8.673236°)
[ 36905][I][mainScr.cpp:60] triggerMapRedraw(): Map redraw trigg[37mered by BLE update (followGps=0)
[37mB[37mLE Nav received: 4|222|Turn right onto Alte Mainzer G...
BLE Nav: Icon=4, Dist=222m, Instr=Turn right onto Alte Mainzer G...
[37m[[37m 37914][I][mainScr.cpp:60] triggerMapRedraw(): Map redraw triggered by BLE update (followGps=0)
[37mB[37mLE Status: CONNECTED
